#
# A fatal error has been detected by the Java Runtime Environment:
#
#  EXCEPTION_ACCESS_VIOLATION (0xc0000005) at pc=0x00007ffd8b091b65, pid=36620, tid=36692
#
# JRE version:  (21.0.10+7) (build )
# Java VM: OpenJDK 64-Bit Server VM (21.0.10+7-LTS, mixed mode, sharing, tiered, compressed class ptrs, unknown gc, windows-amd64)
# Problematic frame:
# C  [jimage.dll+0x1b65]
#
# No core dump will be written. Minidumps are not enabled by default on client versions of Windows
#
#

---------------  S U M M A R Y ------------

Command Line: 

Host: 12th Gen Intel(R) Core(TM) i5-12500H, 16 cores, 15G,  Windows 11 , 64 bit Build 26100 (10.0.26100.8521)
Time: Mon Jun 15 19:59:29 2026 India Standard Time elapsed time: 2.272059 seconds (0d 0h 0m 2s)

---------------  T H R E A D  ---------------

Current thread is native thread

Stack: [0x00000035c8300000,0x00000035c8400000],  sp=0x00000035c83fe310,  free space=1016k
Native frames: (J=compiled Java code, j=interpreted, Vv=VM code, C=native code)
C  [jimage.dll+0x1b65]
C  [jimage.dll+0x1cef]
C  [jimage.dll+0x25b9]
V  [jvm.dll+0x221d52]
V  [jvm.dll+0xcae37]
V  [jvm.dll+0x867b5c]
V  [jvm.dll+0x457b31]
V  [jvm.dll+0x459721]
C  [jli.dll+0x52d0]
C  [ucrtbase.dll+0x2cd30]
C  [KERNEL32.DLL+0x2e957]
C  [ntdll.dll+0x87c1c]


siginfo: EXCEPTION_ACCESS_VIOLATION (0xc0000005), reading address 0x0000000000014a38


Registers:
RAX=0x00000000000007b3, RBX=0x00000035c83fe401, RCX=0x00007ffd8b096000, RDX=0x0000000000005287
RSP=0x00000035c83fe310, RBP=0x00000035c83fe400, RSI=0x0000000000007637, RDI=0x00000035c83fe400
R8 =0x00007ffd8b094298, R9 =0x000000000000001c, R10=0x00007ffd7fbf0000, R11=0x00007ffd8b096000
R12=0x0000000000000000, R13=0x00000035c83ffe30, R14=0x00000035c83ff470, R15=0x00007ffd0c5b4558
RIP=0x00007ffd8b091b65, EFLAGS=0x0000000000010247

XMM[0]=0x0000000000000000 0x0000000000000000
XMM[1]=0x2f6d762f6c616e72 0x65746e692f6b646a
XMM[2]=0x736e6f6974706f2f 0x6d762f6c616e7265
XMM[3]=0x0000000000000000 0x0000000000000000
XMM[4]=0x0000000000000000 0x0000000000000000
XMM[5]=0x0000000000000000 0x0000000000000000
XMM[6]=0x0000000000000000 0x0000000000000000
XMM[7]=0x0000000000000000 0x0000000000000000
XMM[8]=0x0000000000000000 0x0000000000000000
XMM[9]=0x0000000000000000 0x0000000000000000
XMM[10]=0x0000000000000000 0x0000000000000000
XMM[11]=0x0000000000000000 0x0000000000000000
XMM[12]=0x0000000000000000 0x0000000000000000
XMM[13]=0x0000000000000000 0x0000000000000000
XMM[14]=0x0000000000000000 0x0000000000000000
XMM[15]=0x0000000000000000 0x0000000000000000
  MXCSR=0x00001f80


Top of Stack: (sp=0x00000035c83fe310)
0x00000035c83fe310:   0063003500370062 00000035c83fe7d8
0x00000035c83fe320:   0033006200330030 005c003a0043003b
0x00000035c83fe330:   000001dc727e9cb0 00007ffd8b091cef
0x00000035c83fe340:   000000000000000b 000001dc727e9cb0
0x00000035c83fe350:   006c006f006f0070 0075006c0070005c
0x00000035c83fe360:   0073006e00690067 00670072006f005c
0x00000035c83fe370:   006c00630065002e 0065007300700069
0x00000035c83fe380:   0000007f006a002e 006f002e006a0074
0x00000035c83fe390:   006a006e00650070 0068002e006b0064
0x00000035c83fe3a0:   00001f630de922e7 006a002e0074006f
0x00000035c83fe3b0:   00007ffd0c591de0 0000000000000017
0x00000035c83fe3c0:   000001dc727e9cb0 00000035c83ff470
0x00000035c83fe3d0:   000000000000000b 00007ffd8b0925b9
0x00000035c83fe3e0:   00300031002e0030 003000320076002e
0x00000035c83fe3f0:   000001dc727fcf90 0030002d00350030
0x00000035c83fe400:   61622e6176616a2f 692f6b646a2f6573
0x00000035c83fe410:   2f6c616e7265746e 6f6974706f2f6d76
0x00000035c83fe420:   000000000000736e 0000000000000000
0x00000035c83fe430:   0000000000000000 0000000000000000
0x00000035c83fe440:   000001dc727fcf90 0000000000000000
0x00000035c83fe450:   0000000000000000 0000000000000000
0x00000035c83fe460:   0000000000000000 0000000000000000
0x00000035c83fe470:   0000000000000000 0000000000000000
0x00000035c83fe480:   0000000000000000 0000000000000000
0x00000035c83fe490:   0000000000000000 0000000000000000
0x00000035c83fe4a0:   0000000000000000 0000000000000000
0x00000035c83fe4b0:   0000000000000000 0000000000000000
0x00000035c83fe4c0:   0000000000000000 0000000000000000
0x00000035c83fe4d0:   0000000000000000 0000000000000000
0x00000035c83fe4e0:   0000000000000000 0000000000000000
0x00000035c83fe4f0:   0000000000000000 0000000000000000
0x00000035c83fe500:   0000000000000000 0000000000000001 

Instructions: (pc=0x00007ffd8b091b65)
0x00007ffd8b091a65:   48 85 c9 74 1d 80 3d 9f 45 00 00 00 74 06 48 8b
0x00007ffd8b091a75:   53 18 eb 04 48 8b 53 40 e8 92 0e 00 00 48 83 63
0x00007ffd8b091a85:   48 00 8b 4b 0c 83 f9 ff 74 09 e8 c8 0c 00 00 83
0x00007ffd8b091a95:   4b 0c ff 48 8b 4b 70 48 85 c9 74 0f ba 10 00 00
0x00007ffd8b091aa5:   00 e8 e9 0e 00 00 48 83 63 70 00 48 83 c4 20 5b
0x00007ffd8b091ab5:   c3 cc cc 40 53 48 83 ec 20 48 8b d9 48 8d 0d b8
0x00007ffd8b091ac5:   47 00 00 e8 97 0c 00 00 83 6b 08 01 75 24 48 8b
0x00007ffd8b091ad5:   d3 48 8d 0d 3b 45 00 00 e8 0a 08 00 00 48 8b cb
0x00007ffd8b091ae5:   e8 d6 fe ff ff ba 78 00 00 00 48 8b cb e8 9d 0e
0x00007ffd8b091af5:   00 00 48 8d 0d 82 47 00 00 48 83 c4 20 5b e9 64
0x00007ffd8b091b05:   0c 00 00 48 89 5c 24 08 48 89 74 24 10 57 48 83
0x00007ffd8b091b15:   ec 20 41 8b f1 4d 8b c8 48 8b fa 4c 8b d9 4d 85
0x00007ffd8b091b25:   c0 74 73 85 f6 74 6f 44 8a 12 48 8d 5a 01 48 8b
0x00007ffd8b091b35:   d3 b8 93 01 00 01 eb 12 69 c0 93 01 00 01 41 0f
0x00007ffd8b091b45:   b6 ca 44 8a 12 33 c1 48 ff c2 45 84 d2 75 e9 4d
0x00007ffd8b091b55:   8b 03 33 d2 0f ba f0 1f 49 8b cb f7 f6 48 63 d2
0x00007ffd8b091b65:   41 8b 14 91 41 ff 50 08 85 c0 7e 24 8a 0f eb 10
0x00007ffd8b091b75:   69 c0 93 01 00 01 0f b6 c9 33 c1 8a 0b 48 ff c3
0x00007ffd8b091b85:   84 c9 75 ec 0f ba f0 1f 33 d2 f7 f6 8b c2 eb 09
0x00007ffd8b091b95:   79 04 f7 d0 eb 03 83 c8 ff 48 8b 5c 24 30 48 8b
0x00007ffd8b091ba5:   74 24 38 48 83 c4 20 5f c3 cc cc 48 89 5c 24 08
0x00007ffd8b091bb5:   48 89 74 24 10 57 48 83 ec 20 48 8b f1 48 8d 0d
0x00007ffd8b091bc5:   b7 46 00 00 e8 96 0b 00 00 33 ff 39 3d 42 44 00
0x00007ffd8b091bd5:   00 76 24 48 8b 05 41 44 00 00 48 8b d6 48 8b 1c
0x00007ffd8b091be5:   f8 48 8b 0b e8 5c 1f 00 00 85 c0 74 2b ff c7 3b
0x00007ffd8b091bf5:   3d 1e 44 00 00 72 dc 33 db 48 8d 0d 7b 46 00 00
0x00007ffd8b091c05:   e8 62 0b 00 00 48 8b 74 24 38 48 8b c3 48 8b 5c
0x00007ffd8b091c15:   24 30 48 83 c4 20 5f c3 ff 43 08 eb dc cc cc 48
0x00007ffd8b091c25:   89 5c 24 08 48 89 74 24 10 57 48 83 ec 20 48 8b
0x00007ffd8b091c35:   d9 48 8b f2 48 8b 49 10 49 8b f8 8b 53 30 48 8b
0x00007ffd8b091c45:   01 ff 50 20 4c 8b 43 50 48 8b d6 48 8b 4b 10 44
0x00007ffd8b091c55:   8b c8 e8 ac fe ff ff 83 f8 ff 74 38 48 8b 4b 10 



---------------  P R O C E S S  ---------------

VM state: not at safepoint (not fully initialized)

VM Mutex/Monitor currently owned by a thread: None

CDS archive(s) mapped at: [0x0000000000000000-0x0000000000000000-0x0000000000000000), size 0, SharedBaseAddress: 0x0000000800000000, ArchiveRelocationMode: 1.
Narrow klass base: 0x0000000000000000, Narrow klass shift: 0, Narrow klass range: 0x0

GC Precious Log:
<Not initialized>


Dynamic libraries:
0x00007ff66f380000 - 0x00007ff66f38e000 	C:\Users\NDhan\.p2\pool\plugins\org.eclipse.justj.openjdk.hotspot.jre.full.win32.x86_64_21.0.10.v20260205-0638\jre\bin\javaw.exe
0x00007ffda6a60000 - 0x00007ffda6cc6000 	C:\WINDOWS\SYSTEM32\ntdll.dll
0x00007ffda5c30000 - 0x00007ffda5cf9000 	C:\WINDOWS\System32\KERNEL32.DLL
0x00007ffda4090000 - 0x00007ffda448a000 	C:\WINDOWS\System32\KERNELBASE.dll
0x00007ffda4550000 - 0x00007ffda469c000 	C:\WINDOWS\System32\ucrtbase.dll
0x00007ffd7fbf0000 - 0x00007ffd7fc0e000 	C:\Users\NDhan\.p2\pool\plugins\org.eclipse.justj.openjdk.hotspot.jre.full.win32.x86_64_21.0.10.v20260205-0638\jre\bin\VCRUNTIME140.dll
0x00007ffd7edb0000 - 0x00007ffd7edc8000 	C:\Users\NDhan\.p2\pool\plugins\org.eclipse.justj.openjdk.hotspot.jre.full.win32.x86_64_21.0.10.v20260205-0638\jre\bin\jli.dll
0x00007ffda5100000 - 0x00007ffda52c7000 	C:\WINDOWS\System32\USER32.dll
0x00007ffd85ae0000 - 0x00007ffd85d72000 	C:\WINDOWS\WinSxS\amd64_microsoft.windows.common-controls_6595b64144ccf1df_6.0.26100.8521_none_3e08b75ce33403b3\COMCTL32.dll
0x00007ffda3cf0000 - 0x00007ffda3d17000 	C:\WINDOWS\System32\win32u.dll
0x00007ffda63c0000 - 0x00007ffda6469000 	C:\WINDOWS\System32\msvcrt.dll
0x00007ffda64c0000 - 0x00007ffda64eb000 	C:\WINDOWS\System32\GDI32.dll
0x00007ffda46a0000 - 0x00007ffda47cb000 	C:\WINDOWS\System32\gdi32full.dll
0x00007ffda3db0000 - 0x00007ffda3e53000 	C:\WINDOWS\System32\msvcp_win.dll
0x00007ffda4cd0000 - 0x00007ffda4d02000 	C:\WINDOWS\System32\IMM32.DLL
0x00007ffd8afd0000 - 0x00007ffd8afdc000 	C:\Users\NDhan\.p2\pool\plugins\org.eclipse.justj.openjdk.hotspot.jre.full.win32.x86_64_21.0.10.v20260205-0638\jre\bin\vcruntime140_1.dll
0x00007ffd4c880000 - 0x00007ffd4c90d000 	C:\Users\NDhan\.p2\pool\plugins\org.eclipse.justj.openjdk.hotspot.jre.full.win32.x86_64_21.0.10.v20260205-0638\jre\bin\msvcp140.dll
0x00007ffd0bba0000 - 0x00007ffd0c941000 	C:\Users\NDhan\.p2\pool\plugins\org.eclipse.justj.openjdk.hotspot.jre.full.win32.x86_64_21.0.10.v20260205-0638\jre\bin\server\jvm.dll
0x00007ffda5fe0000 - 0x00007ffda6096000 	C:\WINDOWS\System32\ADVAPI32.dll
0x00007ffda5eb0000 - 0x00007ffda5f5a000 	C:\WINDOWS\System32\sechost.dll
0x00007ffda5d90000 - 0x00007ffda5ea8000 	C:\WINDOWS\System32\RPCRT4.dll
0x00007ffda5d00000 - 0x00007ffda5d80000 	C:\WINDOWS\System32\WS2_32.dll
0x00007ffda3440000 - 0x00007ffda349e000 	C:\WINDOWS\SYSTEM32\POWRPROF.dll
0x00007ffd99910000 - 0x00007ffd99946000 	C:\WINDOWS\SYSTEM32\WINMM.dll
0x00007ffd998f0000 - 0x00007ffd998fb000 	C:\WINDOWS\SYSTEM32\VERSION.dll
0x00007ffda33f0000 - 0x00007ffda3404000 	C:\WINDOWS\SYSTEM32\UMPDC.dll
0x00007ffda2a80000 - 0x00007ffda2a9b000 	C:\WINDOWS\SYSTEM32\kernel.appcore.dll
0x00007ffd8b090000 - 0x00007ffd8b09a000 	C:\Users\NDhan\.p2\pool\plugins\org.eclipse.justj.openjdk.hotspot.jre.full.win32.x86_64_21.0.10.v20260205-0638\jre\bin\jimage.dll
0x00007ffda1550000 - 0x00007ffda1792000 	C:\WINDOWS\SYSTEM32\DBGHELP.DLL
0x00007ffda47d0000 - 0x00007ffda4b53000 	C:\WINDOWS\System32\combase.dll
0x00007ffda4bf0000 - 0x00007ffda4cc9000 	C:\WINDOWS\System32\OLEAUT32.dll
0x00007ffd82370000 - 0x00007ffd823ab000 	C:\WINDOWS\SYSTEM32\dbgcore.DLL
0x00007ffda3fe0000 - 0x00007ffda4088000 	C:\WINDOWS\System32\bcryptPrimitives.dll

JVMTI agents: none

dbghelp: loaded successfully - version: 4.0.5 - missing functions: none
symbol engine: initialized successfully - sym options: 0x614 - pdb path: .;C:\Users\NDhan\.p2\pool\plugins\org.eclipse.justj.openjdk.hotspot.jre.full.win32.x86_64_21.0.10.v20260205-0638\jre\bin;C:\WINDOWS\SYSTEM32;C:\WINDOWS\WinSxS\amd64_microsoft.windows.common-controls_6595b64144ccf1df_6.0.26100.8521_none_3e08b75ce33403b3;C:\Users\NDhan\.p2\pool\plugins\org.eclipse.justj.openjdk.hotspot.jre.full.win32.x86_64_21.0.10.v20260205-0638\jre\bin\server

VM Arguments:
java_command: <unknown>
java_class_path (initial): <not set>
Launcher Type: SUN_STANDARD

[Global flags]
     bool UseLargePagesIndividualAllocation        = false                                  {pd product} {ergonomic}

Logging:
Log output configuration:
 #0: stdout all=warning uptime,level,tags foldmultilines=false
 #1: stderr all=off uptime,level,tags foldmultilines=false

Release file:
<release file has not been read>
Environment Variables:
JAVA_HOME=C:\Program Files\Java\jdk-17
PATH=C:\Users\NDhan\.p2\pool\plugins\org.eclipse.justj.openjdk.hotspot.jre.full.win32.x86_64_21.0.10.v20260205-0638\jre\bin;C:/Users/NDhan/.p2/pool/plugins/org.eclipse.justj.openjdk.hotspot.jre.full.win32.x86_64_21.0.10.v20260205-0638/jre/bin/server;C:/Users/NDhan/.p2/pool/plugins/org.eclipse.justj.openjdk.hotspot.jre.full.win32.x86_64_21.0.10.v20260205-0638/jre/bin;C:\Program Files\Python311\Scripts\;C:\Program Files\Python311\;C:\Program Files\Python310\Scripts\;C:\Program Files\Python310\;C:\Program Files\Python314\Scripts\;C:\Program Files\Python314\;C:\Program Files\Java\jdk-21\bin;C:\Program Files\Python312\Scripts\;C:\Program Files\Python312\;C:\Program Files (x86)\VMware\VMware Workstation\bin\;C:\Windows\system32;C:\Windows;C:\Windows\System32\Wbem;C:\Windows\System32\WindowsPowerShell\v1.0\;C:\Windows\System32\OpenSSH\;C:\Program Files\dotnet\;C:\Program Files (x86)\NVIDIA Corporation\PhysX\Common;C:\Program Files\NVIDIA Corporation\NVIDIA NvDLISR;C:\Program Files\Common Files\Oracle\Java\javapath;C:\Program Files (x86)\Microsoft SQL Server\160\Tools\Binn\;C:\Program Files\Microsoft SQL Server\160\Tools\Binn\;C:\Program Files\Microsoft SQL Server\Client SDK\ODBC\170\Tools\Binn\;C:\Program Files\Microsoft SQL Server\160\DTS\Binn\;C:\Program Files\nodejs\;C:\Program Files\apache-maven-3.9.12\bin;C:\Program Files\Java\jdk-25\bin;C:\Program Files\MySQL\MySQL Server 8.0\bin;C:\Program Files\Python314\Scripts;C:\Program Files\Python314;C:\Program Files\Git\cmd;C:\Program Files\Java\jdk-17\bin;;C:\WINDOWS\system32;C:\WINDOWS;C:\WINDOWS\System32\Wbem;C:\WINDOWS\System32\WindowsPowerShell\v1.0\;C:\WINDOWS\System32\OpenSSH\;C:\Program Files\MySQL\MySQL Shell 8.0\bin\;C:\Users\NDhan\AppData\Local\Programs\Python\Python311\Scripts\;C:\Users\NDhan\AppData\Local\Programs\Python\Python311\;C:\Users\NDhan\AppData\Local\Microsoft\WindowsApps;C:\Users\NDhan\AppData\Local\Programs\Microsoft VS Code\bin;C:\Users\NDhan\AppData\Roaming\npm;C:\Program Files\Python311;C:\Program Files\Python311\Scripts;C:\flutter\bin;C:\Users\NDhan\AppData\Local\Programs\cursor\resources\app\bin;C:\Users\NDhan\AppData\Local\Programs\Antigravity\bin;;C:\WINDOWS\System32;
USERNAME=NDhan
OS=Windows_NT
PROCESSOR_IDENTIFIER=Intel64 Family 6 Model 154 Stepping 3, GenuineIntel
TMP=C:\Users\NDhan\AppData\Local\Temp
TEMP=C:\Users\NDhan\AppData\Local\Temp




Periodic native trim disabled

---------------  S Y S T E M  ---------------

OS:
 Windows 11 , 64 bit Build 26100 (10.0.26100.8521)
OS uptime: 4 days 22:21 hours

CPU: total 16 (initial active 0) 
Processor Information for the first 16 processors :
  Max Mhz: 2500, Current Mhz: 2500, Mhz Limit: 2500

Memory: 4k page, system-wide physical 16068M (2543M free)
TotalPageFile size 41534M (AvailPageFile size 615M)
current process WorkingSet (physical memory assigned to process): 10M, peak: 10M
current process commit charge ("private bytes"): 3M, peak: 3M

vm_info: OpenJDK 64-Bit Server VM (21.0.10+7-LTS) for windows-amd64 JRE (21.0.10+7-LTS), built on 2026-01-20T00:00:00Z by "admin" with MS VC++ 17.12 (VS2022)

END.
