#
# There is insufficient memory for the Java Runtime Environment to continue.
# Native memory allocation (malloc) failed to allocate 1048576 bytes. Error detail: AllocateHeap
# Possible reasons:
#   The system is out of physical RAM or swap space
#   This process is running with CompressedOops enabled, and the Java Heap may be blocking the growth of the native heap
# Possible solutions:
#   Reduce memory load on the system
#   Increase physical memory or swap space
#   Check if swap backing store is full
#   Decrease Java heap size (-Xmx/-Xms)
#   Decrease number of Java threads
#   Decrease Java thread stack sizes (-Xss)
#   Set larger code cache with -XX:ReservedCodeCacheSize=
#   JVM is running with Zero Based Compressed Oops mode in which the Java heap is
#     placed in the first 32GB address space. The Java Heap base address is the
#     maximum limit for the native heap growth. Please use -XX:HeapBaseMinAddress
#     to set the Java Heap base and to place the Java Heap above 32GB virtual address.
# This output file may be truncated or incomplete.
#
#  Out of Memory Error (allocation.cpp:44), pid=36488, tid=25920
#
# JRE version:  (21.0.10+7) (build )
# Java VM: OpenJDK 64-Bit Server VM (21.0.10+7-LTS, mixed mode, sharing, tiered, compressed oops, compressed class ptrs, g1 gc, windows-amd64)
# No core dump will be written. Minidumps are not enabled by default on client versions of Windows
#

---------------  S U M M A R Y ------------

Command Line: -XX:+ShowCodeDetailsInExceptionMessages -agentlib:jdwp=transport=dt_socket,suspend=y,address=localhost:49827 -javaagent:C:\Users\NDhan\eclipse\jee-2026-03\eclipse\configuration\org.eclipse.osgi\449\0\.cp\lib\javaagent-shaded.jar -Dfile.encoding=windows-1252 -Dstdout.encoding=windows-1252 -Dstderr.encoding=windows-1252 --module-path=D:\Java_Practice\patterns\bin -Djdk.module.main=patterns patterns/patternsjava.Butterfly

Host: 12th Gen Intel(R) Core(TM) i5-12500H, 16 cores, 15G,  Windows 11 , 64 bit Build 26100 (10.0.26100.8521)
Time: Mon Jun 15 19:59:32 2026 India Standard Time elapsed time: 2.610366 seconds (0d 0h 0m 2s)

---------------  T H R E A D  ---------------

Current thread (0x000002315fc82780):  JavaThread "Unknown thread" [_thread_in_vm, id=25920, stack(0x0000006d95200000,0x0000006d95300000) (1024K)]

Stack: [0x0000006d95200000,0x0000006d95300000]
Native frames: (J=compiled Java code, j=interpreted, Vv=VM code, C=native code)
V  [jvm.dll+0x6d7a39]


---------------  P R O C E S S  ---------------

Threads class SMR info:
_java_thread_list=0x00007ffd0c7ea1c8, length=0, elements={
}

Java Threads: ( => current thread )
Total: 0

Other Threads:
  0x000002315fceb4e0 WorkerThread "GC Thread#0"                     [id=34416, stack(0x0000006d95400000,0x0000006d95500000) (1024K)]

[error occurred during error reporting (printing all threads), id 0xc0000005, EXCEPTION_ACCESS_VIOLATION (0xc0000005) at pc=0x00007ffd0bee0060]
VM state: not at safepoint (not fully initialized)

VM Mutex/Monitor currently owned by a thread:  ([mutex/lock_event])
[0x00007ffd0c85e660] Heap_lock - owner thread: 0x000002315fc82780

Heap address: 0x0000000704e00000, size: 4018 MB, Compressed Oops mode: Zero based, Oop shift amount: 3

CDS archive(s) mapped at: [0x0000000000000000-0x0000000000000000-0x0000000000000000), size 0, SharedBaseAddress: 0x0000000800000000, ArchiveRelocationMode: 1.
Narrow klass base: 0x0000000000000000, Narrow klass shift: 0, Narrow klass range: 0x0

GC Precious Log:
 CardTable entry size: 512
 Card Set container configuration: InlinePtr #cards 4 size 8 Array Of Cards #cards 16 size 48 Howl #buckets 8 coarsen threshold 3686 Howl Bitmap #cards 512 size 80 coarsen threshold 460 Card regions per heap region 1 cards per card region 4096

Heap:
 garbage-first heap   total 0K, used 0K [0x0000000704e00000, 0x0000000800000000)
  region size 2048K, 0 young (0K), 0 survivors (0K)

[error occurred during error reporting (printing heap information), id 0xc0000005, EXCEPTION_ACCESS_VIOLATION (0xc0000005) at pc=0x00007ffd0c2d13b9]
GC Heap History (0 events):
No events

Dll operation events (1 events):
Event: 1.235 Loaded shared library C:\Users\NDhan\.p2\pool\plugins\org.eclipse.justj.openjdk.hotspot.jre.full.win32.x86_64_21.0.10.v20260205-0638\jre\bin\java.dll

Deoptimization events (0 events):
No events

Classes loaded (0 events):
No events

Classes unloaded (0 events):
No events

Classes redefined (0 events):
No events

Internal exceptions (0 events):
No events

ZGC Phase Switch (0 events):
No events

VM Operations (0 events):
No events

Memory protections (0 events):
No events

Nmethod flushes (0 events):
No events

Events (0 events):
No events


Dynamic libraries:
0x00007ff66f380000 - 0x00007ff66f38e000 	C:\Users\NDhan\.p2\pool\plugins\org.eclipse.justj.openjdk.hotspot.jre.full.win32.x86_64_21.0.10.v20260205-0638\jre\bin\javaw.exe
0x00007ffda6a60000 - 0x00007ffda6cc6000 	C:\WINDOWS\SYSTEM32\ntdll.dll
0x00007ffda5c30000 - 0x00007ffda5cf9000 	C:\WINDOWS\System32\KERNEL32.DLL
0x00007ffda4090000 - 0x00007ffda448a000 	C:\WINDOWS\System32\KERNELBASE.dll
0x00007ffda4550000 - 0x00007ffda469c000 	C:\WINDOWS\System32\ucrtbase.dll
0x00007ffd7edb0000 - 0x00007ffd7edc8000 	C:\Users\NDhan\.p2\pool\plugins\org.eclipse.justj.openjdk.hotspot.jre.full.win32.x86_64_21.0.10.v20260205-0638\jre\bin\jli.dll
0x00007ffda5100000 - 0x00007ffda52c7000 	C:\WINDOWS\System32\USER32.dll
0x00007ffda3cf0000 - 0x00007ffda3d17000 	C:\WINDOWS\System32\win32u.dll
0x00007ffda64c0000 - 0x00007ffda64eb000 	C:\WINDOWS\System32\GDI32.dll
0x00007ffda46a0000 - 0x00007ffda47cb000 	C:\WINDOWS\System32\gdi32full.dll
0x00007ffda3db0000 - 0x00007ffda3e53000 	C:\WINDOWS\System32\msvcp_win.dll
0x00007ffd85ae0000 - 0x00007ffd85d72000 	C:\WINDOWS\WinSxS\amd64_microsoft.windows.common-controls_6595b64144ccf1df_6.0.26100.8521_none_3e08b75ce33403b3\COMCTL32.dll
0x00007ffd7fbf0000 - 0x00007ffd7fc0e000 	C:\Users\NDhan\.p2\pool\plugins\org.eclipse.justj.openjdk.hotspot.jre.full.win32.x86_64_21.0.10.v20260205-0638\jre\bin\VCRUNTIME140.dll
0x00007ffda63c0000 - 0x00007ffda6469000 	C:\WINDOWS\System32\msvcrt.dll
0x00007ffda4cd0000 - 0x00007ffda4d02000 	C:\WINDOWS\System32\IMM32.DLL
0x00007ffd8afd0000 - 0x00007ffd8afdc000 	C:\Users\NDhan\.p2\pool\plugins\org.eclipse.justj.openjdk.hotspot.jre.full.win32.x86_64_21.0.10.v20260205-0638\jre\bin\vcruntime140_1.dll
0x00007ffd4c880000 - 0x00007ffd4c90d000 	C:\Users\NDhan\.p2\pool\plugins\org.eclipse.justj.openjdk.hotspot.jre.full.win32.x86_64_21.0.10.v20260205-0638\jre\bin\msvcp140.dll
0x00007ffd0bba0000 - 0x00007ffd0c941000 	C:\Users\NDhan\.p2\pool\plugins\org.eclipse.justj.openjdk.hotspot.jre.full.win32.x86_64_21.0.10.v20260205-0638\jre\bin\server\jvm.dll
0x00007ffda5fe0000 - 0x00007ffda6096000 	C:\WINDOWS\System32\ADVAPI32.dll
0x00007ffda5eb0000 - 0x00007ffda5f5a000 	C:\WINDOWS\System32\sechost.dll
0x00007ffda5d90000 - 0x00007ffda5ea8000 	C:\WINDOWS\System32\RPCRT4.dll
0x00007ffda5d00000 - 0x00007ffda5d80000 	C:\WINDOWS\System32\WS2_32.dll
0x00007ffda3440000 - 0x00007ffda349e000 	C:\WINDOWS\SYSTEM32\POWRPROF.dll
0x00007ffd99910000 - 0x00007ffd99946000 	C:\WINDOWS\SYSTEM32\WINMM.dll
0x00007ffd998f0000 - 0x00007ffd998fb000 	C:\WINDOWS\SYSTEM32\VERSION.dll
0x00007ffda33f0000 - 0x00007ffda3404000 	C:\WINDOWS\SYSTEM32\UMPDC.dll
0x00007ffda2a80000 - 0x00007ffda2a9b000 	C:\WINDOWS\SYSTEM32\kernel.appcore.dll
0x00007ffd8b090000 - 0x00007ffd8b09a000 	C:\Users\NDhan\.p2\pool\plugins\org.eclipse.justj.openjdk.hotspot.jre.full.win32.x86_64_21.0.10.v20260205-0638\jre\bin\jimage.dll
0x00007ffd7ed70000 - 0x00007ffd7edac000 	C:\Users\NDhan\.p2\pool\plugins\org.eclipse.justj.openjdk.hotspot.jre.full.win32.x86_64_21.0.10.v20260205-0638\jre\bin\jdwp.dll
0x00007ffd7fbe0000 - 0x00007ffd7fbef000 	C:\Users\NDhan\.p2\pool\plugins\org.eclipse.justj.openjdk.hotspot.jre.full.win32.x86_64_21.0.10.v20260205-0638\jre\bin\instrument.dll
0x00007ffd76e50000 - 0x00007ffd76e70000 	C:\Users\NDhan\.p2\pool\plugins\org.eclipse.justj.openjdk.hotspot.jre.full.win32.x86_64_21.0.10.v20260205-0638\jre\bin\java.dll

JVMTI agents:
jdwp path:none, loaded, not initialized, options:transport=dt_socket,suspend=y,address=localhost:49827
C:\Users\NDhan\eclipse\jee-2026-03\eclipse\configuration\org.eclipse.osgi\449\0\.cp\lib\javaagent-shaded.jar path:none, loaded, not initialized, instrumentlib options:none

dbghelp: loading error: 1455
symbol engine: initialization error.

VM Arguments:
jvm_args: -XX:+ShowCodeDetailsInExceptionMessages -agentlib:jdwp=transport=dt_socket,suspend=y,address=localhost:49827 -javaagent:C:\Users\NDhan\eclipse\jee-2026-03\eclipse\configuration\org.eclipse.osgi\449\0\.cp\lib\javaagent-shaded.jar -Dfile.encoding=windows-1252 -Dstdout.encoding=windows-1252 -Dstderr.encoding=windows-1252 --module-path=D:\Java_Practice\patterns\bin -Djdk.module.main=patterns 
java_command: patterns/patternsjava.Butterfly
java_class_path (initial): <not set>
Launcher Type: SUN_STANDARD

[Global flags]
     intx CICompilerCount                          = 12                                        {product} {ergonomic}
     uint ConcGCThreads                            = 3                                         {product} {ergonomic}
     uint G1ConcRefinementThreads                  = 13                                        {product} {ergonomic}
   size_t G1HeapRegionSize                         = 2097152                                   {product} {ergonomic}
    uintx GCDrainStackTargetSize                   = 64                                        {product} {ergonomic}
   size_t InitialHeapSize                          = 264241152                                 {product} {ergonomic}
   size_t MarkStackSize                            = 4194304                                   {product} {ergonomic}
   size_t MaxHeapSize                              = 4213178368                                {product} {ergonomic}
   size_t MinHeapDeltaBytes                        = 2097152                                   {product} {ergonomic}
   size_t MinHeapSize                              = 8388608                                   {product} {ergonomic}
    uintx NonNMethodCodeHeapSize                   = 7602480                                {pd product} {ergonomic}
    uintx NonProfiledCodeHeapSize                  = 122027880                              {pd product} {ergonomic}
    uintx ProfiledCodeHeapSize                     = 122027880                              {pd product} {ergonomic}
    uintx ReservedCodeCacheSize                    = 251658240                              {pd product} {ergonomic}
     bool SegmentedCodeCache                       = true                                      {product} {ergonomic}
     bool ShowCodeDetailsInExceptionMessages       = true                                   {manageable} {command line}
   size_t SoftMaxHeapSize                          = 4213178368                             {manageable} {ergonomic}
     bool UseCompressedOops                        = true                           {product lp64_product} {ergonomic}
     bool UseG1GC                                  = true                                      {product} {ergonomic}
     bool UseLargePagesIndividualAllocation        = false                                  {pd product} {ergonomic}

Logging:
Log output configuration:
 #0: stdout all=warning uptime,level,tags foldmultilines=false
 #1: stderr all=off uptime,level,tags foldmultilines=false

Release file:
<release file has not been read>
Environment Variables:
JAVA_HOME=C:\Program Files\Java\jdk-17
PATH=C:\Users\NDhan\.p2\pool\plugins\org.eclipse.justj.openjdk.hotspot.jre.full.win32.x86_64_21.0.10.v20260205-0638\jre\bin;C:/Users/NDhan/.p2/pool/plugins/org.eclipse.justj.openjdk.hotspot.jre.full.win32.x86_64_21.0.10.v20260205-0638/jre/bin/server;C:/Users/NDhan/.p2/pool/plugins/org.eclipse.justj.openjdk.hotspot.jre.full.win32.x86_64_21.0.10.v20260205-0638/jre/bin;C:\Program Files\Python311\Scripts\;C:\Program Files\Python311\;C:\Program Files\Python310\Scripts\;C:\Program Files\Python310\;C:\Program Files\Python314\Scripts\;C:\Program Files\Python314\;C:\Program Files\Java\jdk-21\bin;C:\Program Files\Python312\Scripts\;C:\Program Files\Python312\;C:\Program Files (x86)\VMware\VMware Workstation\bin\;C:\Windows\system32;C:\Windows;C:\Windows\System32\Wbem;C:\Windows\System32\WindowsPowerShell\v1.0\;C:\Windows\System32\OpenSSH\;C:\Program Files\dotnet\;C:\Program Files (x86)\NVIDIA Corporation\PhysX\Common;C:\Program Files\NVIDIA Corporation\NVIDIA NvDLISR;C:\Program Files\Common Files\Oracle\Java\javapath;C:\Program Files (x86)\Microsoft SQL Server\160\Tools\Binn\;C:\Program Files\Microsoft SQL Server\160\Tools\Binn\;C:\Program Files\Microsoft SQL Server\Client SDK\ODBC\170\Tools\Binn\;C:\Program Files\Microsoft SQL Server\160\DTS\Binn\;C:\Program Files\nodejs\;C:\Program Files\apache-maven-3.9.12\bin;C:\Program Files\Java\jdk-25\bin;C:\Program Files\MySQL\MySQL Server 8.0\bin;C:\Program Files\Python314\Scripts;C:\Program Files\Python314;C:\Program Files\Git\cmd;C:\Program Files\Java\jdk-17\bin;;C:\WINDOWS\system32;C:\WINDOWS;C:\WINDOWS\System32\Wbem;C:\WINDOWS\System32\WindowsPowerShell\v1.0\;C:\WINDOWS\System32\OpenSSH\;C:\Program Files\MySQL\MySQL Shell 8.0\bin\;C:\Users\NDhan\AppData\Local\Programs\Python\Python311\Scripts\;C:\Users\NDhan\AppData\Local\Programs\Python\Python311\;C:\Users\NDhan\AppData\Local\Microsoft\WindowsApps;C:\Users\NDhan\AppData\Local\Programs\Microsoft VS Code\bin;C:\Users\NDhan\AppData\Roaming\npm;C:\Program Files\Python311;C:\Program Files\Python311\Scripts;C:\flutter\bin;C:\Users\NDhan\AppData\Local\Programs\cursor\resources\app\bin;C:\Users\NDhan\AppData\Local\Programs\Antigravity\bin;;C:\WINDOWS\System32;
USERNAME=NDhan
OS=Windows_NT
PROCESSOR_IDENTIFIER=Intel64 Family 6 Model 154 Stepping 3, GenuineIntel
TMP=C:\Users\NDhan\AppData\Local\Temp
TEMP=C:\Users\NDhan\AppData\Local\Temp




Periodic native trim disabled

---------------  S Y S T E M  ---------------

OS:
 Windows 11 , 64 bit Build 26100 (10.0.26100.8521)
OS uptime: 4 days 22:21 hours
Hyper-V role detected

CPU: total 16 (initial active 16) (8 cores per cpu, 2 threads per core) family 6 model 154 stepping 3 microcode 0x43b, cx8, cmov, fxsr, ht, mmx, 3dnowpref, sse, sse2, sse3, ssse3, sse4.1, sse4.2, popcnt, lzcnt, tsc, tscinvbit, avx, avx2, aes, erms, clmul, bmi1, bmi2, adx, sha, fma, vzeroupper, clflush, clflushopt, clwb, hv, serialize, rdtscp, rdpid, fsrm, f16c, cet_ibt, cet_ss
Processor Information for processor 0
  Max Mhz: 2500, Current Mhz: 2500, Mhz Limit: 2500
Processor Information for processor 1
  Max Mhz: 2500, Current Mhz: 1532, Mhz Limit: 2500
Processor Information for processor 2
  Max Mhz: 2500, Current Mhz: 2500, Mhz Limit: 2500
Processor Information for processor 3
  Max Mhz: 2500, Current Mhz: 2500, Mhz Limit: 2500
Processor Information for processor 4
  Max Mhz: 2500, Current Mhz: 2500, Mhz Limit: 2500
Processor Information for processor 5
  Max Mhz: 2500, Current Mhz: 1532, Mhz Limit: 2500
Processor Information for processor 6
  Max Mhz: 2500, Current Mhz: 1532, Mhz Limit: 2500
Processor Information for processor 7
  Max Mhz: 2500, Current Mhz: 2500, Mhz Limit: 2500
Processor Information for processor 8
  Max Mhz: 2500, Current Mhz: 2500, Mhz Limit: 2500
Processor Information for processor 9
  Max Mhz: 2500, Current Mhz: 1527, Mhz Limit: 2500
Processor Information for processor 10
  Max Mhz: 2500, Current Mhz: 1527, Mhz Limit: 2500
Processor Information for processor 11
  Max Mhz: 2500, Current Mhz: 2500, Mhz Limit: 2500
Processor Information for processor 12
  Max Mhz: 2500, Current Mhz: 2500, Mhz Limit: 2500
Processor Information for processor 13
  Max Mhz: 2500, Current Mhz: 2500, Mhz Limit: 2500
Processor Information for processor 14
  Max Mhz: 2500, Current Mhz: 2500, Mhz Limit: 2500
Processor Information for processor 15
  Max Mhz: 2500, Current Mhz: 2500, Mhz Limit: 2500

Memory: 4k page, system-wide physical 16068M (2345M free)
TotalPageFile size 41534M (AvailPageFile size 6M)
current process WorkingSet (physical memory assigned to process): 10M, peak: 10M
current process commit charge ("private bytes"): 60M, peak: 61M

vm_info: OpenJDK 64-Bit Server VM (21.0.10+7-LTS) for windows-amd64 JRE (21.0.10+7-LTS), built on 2026-01-20T00:00:00Z by "admin" with MS VC++ 17.12 (VS2022)

END.
